ARM GAS  C:\Users\nicho\AppData\Local\Temp\ccT9lI0f.s 			page 1


   1              		.syntax unified
   2              		.cpu cortex-m3
   3              		.fpu softvfp
   4              		.eabi_attribute 20, 1
   5              		.eabi_attribute 21, 1
   6              		.eabi_attribute 23, 3
   7              		.eabi_attribute 24, 1
   8              		.eabi_attribute 25, 1
   9              		.eabi_attribute 26, 1
  10              		.eabi_attribute 30, 1
  11              		.eabi_attribute 34, 1
  12              		.eabi_attribute 18, 4
  13              		.thumb
  14              		.syntax unified
  15              		.file	"cymetadata.c"
  16              		.text
  17              	.Ltext0:
  18              		.cfi_sections	.debug_frame
  19              		.global	cy_metadata
  20              		.global	cy_meta_flashprotect
  21              		.global	cy_meta_wonvl
  22              		.global	cy_meta_custnvl
  23              		.global	cy_meta_configecc
  24              		.section	.cyconfigecc,"a",%progbits
  25              		.align	2
  26              		.type	cy_meta_configecc, %object
  27              		.size	cy_meta_configecc, 832
  28              	cy_meta_configecc:
  29 0000 02       		.byte	2
  30 0001 52       		.byte	82
  31 0002 00       		.byte	0
  32 0003 40       		.byte	64
  33 0004 03       		.byte	3
  34 0005 65       		.byte	101
  35 0006 00       		.byte	0
  36 0007 40       		.byte	64
  37 0008 01       		.byte	1
  38 0009 15       		.byte	21
  39 000a 01       		.byte	1
  40 000b 40       		.byte	64
  41 000c 02       		.byte	2
  42 000d 17       		.byte	23
  43 000e 01       		.byte	1
  44 000f 40       		.byte	64
  45 0010 12       		.byte	18
  46 0011 18       		.byte	24
  47 0012 01       		.byte	1
  48 0013 40       		.byte	64
  49 0014 39       		.byte	57
  50 0015 19       		.byte	25
  51 0016 01       		.byte	1
  52 0017 40       		.byte	64
  53 0018 66       		.byte	102
  54 0019 1A       		.byte	26
  55 001a 01       		.byte	1
  56 001b 40       		.byte	64
  57 001c 4B       		.byte	75
ARM GAS  C:\Users\nicho\AppData\Local\Temp\ccT9lI0f.s 			page 2


  58 001d 1B       		.byte	27
  59 001e 01       		.byte	1
  60 001f 40       		.byte	64
  61 0020 04       		.byte	4
  62 0021 40       		.byte	64
  63 0022 01       		.byte	1
  64 0023 40       		.byte	64
  65 0024 03       		.byte	3
  66 0025 41       		.byte	65
  67 0026 01       		.byte	1
  68 0027 40       		.byte	64
  69 0028 03       		.byte	3
  70 0029 42       		.byte	66
  71 002a 01       		.byte	1
  72 002b 40       		.byte	64
  73 002c 03       		.byte	3
  74 002d 43       		.byte	67
  75 002e 01       		.byte	1
  76 002f 40       		.byte	64
  77 0030 07       		.byte	7
  78 0031 48       		.byte	72
  79 0032 01       		.byte	1
  80 0033 40       		.byte	64
  81 0034 03       		.byte	3
  82 0035 49       		.byte	73
  83 0036 01       		.byte	1
  84 0037 40       		.byte	64
  85 0038 07       		.byte	7
  86 0039 4D       		.byte	77
  87 003a 01       		.byte	1
  88 003b 40       		.byte	64
  89 003c 02       		.byte	2
  90 003d 50       		.byte	80
  91 003e 01       		.byte	1
  92 003f 40       		.byte	64
  93 0040 01       		.byte	1
  94 0041 51       		.byte	81
  95 0042 01       		.byte	1
  96 0043 40       		.byte	64
  97 0044 61       		.byte	97
  98 0045 80       		.byte	-128
  99 0046 64       		.byte	100
 100 0047 40       		.byte	64
 101 0048 88       		.byte	-120
 102 0049 72       		.byte	114
 103 004a 89       		.byte	-119
 104 004b 38       		.byte	56
 105 004c 8B       		.byte	-117
 106 004d 0F       		.byte	15
 107 004e E6       		.byte	-26
 108 004f 02       		.byte	2
 109 0050 E2       		.byte	-30
 110 0051 04       		.byte	4
 111 0052 E6       		.byte	-26
 112 0053 01       		.byte	1
 113 0054 82       		.byte	-126
 114 0055 02       		.byte	2
ARM GAS  C:\Users\nicho\AppData\Local\Temp\ccT9lI0f.s 			page 3


 115 0056 83       		.byte	-125
 116 0057 02       		.byte	2
 117 0058 8B       		.byte	-117
 118 0059 02       		.byte	2
 119 005a 8D       		.byte	-115
 120 005b 01       		.byte	1
 121 005c A2       		.byte	-94
 122 005d 01       		.byte	1
 123 005e A6       		.byte	-90
 124 005f 01       		.byte	1
 125 0060 B0       		.byte	-80
 126 0061 01       		.byte	1
 127 0062 B1       		.byte	-79
 128 0063 02       		.byte	2
 129 0064 B5       		.byte	-75
 130 0065 01       		.byte	1
 131 0066 B6       		.byte	-74
 132 0067 02       		.byte	2
 133 0068 BE       		.byte	-66
 134 0069 01       		.byte	1
 135 006a BF       		.byte	-65
 136 006b 11       		.byte	17
 137 006c D4       		.byte	-44
 138 006d 18       		.byte	24
 139 006e D6       		.byte	-42
 140 006f 04       		.byte	4
 141 0070 D8       		.byte	-40
 142 0071 04       		.byte	4
 143 0072 D9       		.byte	-39
 144 0073 04       		.byte	4
 145 0074 DB       		.byte	-37
 146 0075 04       		.byte	4
 147 0076 DF       		.byte	-33
 148 0077 01       		.byte	1
 149 0078 03       		.byte	3
 150 0079 80       		.byte	-128
 151 007a 05       		.byte	5
 152 007b 61       		.byte	97
 153 007c 07       		.byte	7
 154 007d 10       		.byte	16
 155 007e 0C       		.byte	12
 156 007f 54       		.byte	84
 157 0080 0D       		.byte	13
 158 0081 20       		.byte	32
 159 0082 0E       		.byte	14
 160 0083 22       		.byte	34
 161 0084 10       		.byte	16
 162 0085 80       		.byte	-128
 163 0086 11       		.byte	17
 164 0087 08       		.byte	8
 165 0088 16       		.byte	22
 166 0089 81       		.byte	-127
 167 008a 17       		.byte	23
 168 008b 24       		.byte	36
 169 008c 19       		.byte	25
 170 008d 80       		.byte	-128
 171 008e 1B       		.byte	27
ARM GAS  C:\Users\nicho\AppData\Local\Temp\ccT9lI0f.s 			page 4


 172 008f 01       		.byte	1
 173 0090 1C       		.byte	28
 174 0091 11       		.byte	17
 175 0092 1D       		.byte	29
 176 0093 21       		.byte	33
 177 0094 20       		.byte	32
 178 0095 40       		.byte	64
 179 0096 23       		.byte	35
 180 0097 08       		.byte	8
 181 0098 25       		.byte	37
 182 0099 04       		.byte	4
 183 009a 26       		.byte	38
 184 009b 18       		.byte	24
 185 009c 27       		.byte	39
 186 009d 01       		.byte	1
 187 009e 2C       		.byte	44
 188 009f 14       		.byte	20
 189 00a0 2D       		.byte	45
 190 00a1 80       		.byte	-128
 191 00a2 2F       		.byte	47
 192 00a3 80       		.byte	-128
 193 00a4 34       		.byte	52
 194 00a5 48       		.byte	72
 195 00a6 35       		.byte	53
 196 00a7 21       		.byte	33
 197 00a8 38       		.byte	56
 198 00a9 01       		.byte	1
 199 00aa 3A       		.byte	58
 200 00ab 10       		.byte	16
 201 00ac 3B       		.byte	59
 202 00ad 80       		.byte	-128
 203 00ae 3D       		.byte	61
 204 00af 80       		.byte	-128
 205 00b0 3E       		.byte	62
 206 00b1 AA       		.byte	-86
 207 00b2 44       		.byte	68
 208 00b3 18       		.byte	24
 209 00b4 47       		.byte	71
 210 00b5 50       		.byte	80
 211 00b6 4C       		.byte	76
 212 00b7 80       		.byte	-128
 213 00b8 4E       		.byte	78
 214 00b9 0A       		.byte	10
 215 00ba 56       		.byte	86
 216 00bb 10       		.byte	16
 217 00bc 5B       		.byte	91
 218 00bd 01       		.byte	1
 219 00be 5C       		.byte	92
 220 00bf 10       		.byte	16
 221 00c0 60       		.byte	96
 222 00c1 80       		.byte	-128
 223 00c2 61       		.byte	97
 224 00c3 10       		.byte	16
 225 00c4 63       		.byte	99
 226 00c5 82       		.byte	-126
 227 00c6 6D       		.byte	109
 228 00c7 50       		.byte	80
ARM GAS  C:\Users\nicho\AppData\Local\Temp\ccT9lI0f.s 			page 5


 229 00c8 6E       		.byte	110
 230 00c9 14       		.byte	20
 231 00ca 76       		.byte	118
 232 00cb 2B       		.byte	43
 233 00cc 77       		.byte	119
 234 00cd 24       		.byte	36
 235 00ce 80       		.byte	-128
 236 00cf 80       		.byte	-128
 237 00d0 83       		.byte	-125
 238 00d1 40       		.byte	64
 239 00d2 8C       		.byte	-116
 240 00d3 40       		.byte	64
 241 00d4 8D       		.byte	-115
 242 00d5 10       		.byte	16
 243 00d6 C0       		.byte	-64
 244 00d7 F8       		.byte	-8
 245 00d8 C2       		.byte	-62
 246 00d9 E0       		.byte	-32
 247 00da C4       		.byte	-60
 248 00db FC       		.byte	-4
 249 00dc CA       		.byte	-54
 250 00dd F0       		.byte	-16
 251 00de CC       		.byte	-52
 252 00df F0       		.byte	-16
 253 00e0 CE       		.byte	-50
 254 00e1 FD       		.byte	-3
 255 00e2 D0       		.byte	-48
 256 00e3 70       		.byte	112
 257 00e4 D2       		.byte	-46
 258 00e5 30       		.byte	48
 259 00e6 D6       		.byte	-42
 260 00e7 21       		.byte	33
 261 00e8 D8       		.byte	-40
 262 00e9 0D       		.byte	13
 263 00ea 00       		.byte	0
 264 00eb 1C       		.byte	28
 265 00ec 02       		.byte	2
 266 00ed 02       		.byte	2
 267 00ee 03       		.byte	3
 268 00ef 1C       		.byte	28
 269 00f0 04       		.byte	4
 270 00f1 10       		.byte	16
 271 00f2 06       		.byte	6
 272 00f3 0C       		.byte	12
 273 00f4 09       		.byte	9
 274 00f5 21       		.byte	33
 275 00f6 0A       		.byte	10
 276 00f7 03       		.byte	3
 277 00f8 0B       		.byte	11
 278 00f9 0E       		.byte	14
 279 00fa 0F       		.byte	15
 280 00fb 08       		.byte	8
 281 00fc 1C       		.byte	28
 282 00fd 09       		.byte	9
 283 00fe 1D       		.byte	29
 284 00ff 1C       		.byte	28
 285 0100 1E       		.byte	30
ARM GAS  C:\Users\nicho\AppData\Local\Temp\ccT9lI0f.s 			page 6


 286 0101 10       		.byte	16
 287 0102 1F       		.byte	31
 288 0103 23       		.byte	35
 289 0104 20       		.byte	32
 290 0105 10       		.byte	16
 291 0106 24       		.byte	36
 292 0107 14       		.byte	20
 293 0108 25       		.byte	37
 294 0109 80       		.byte	-128
 295 010a 28       		.byte	40
 296 010b 0C       		.byte	12
 297 010c 29       		.byte	41
 298 010d 21       		.byte	33
 299 010e 2A       		.byte	42
 300 010f 11       		.byte	17
 301 0110 2B       		.byte	43
 302 0111 16       		.byte	22
 303 0112 2D       		.byte	45
 304 0113 40       		.byte	64
 305 0114 2F       		.byte	47
 306 0115 03       		.byte	3
 307 0116 31       		.byte	49
 308 0117 60       		.byte	96
 309 0118 32       		.byte	50
 310 0119 1F       		.byte	31
 311 011a 33       		.byte	51
 312 011b 1A       		.byte	26
 313 011c 35       		.byte	53
 314 011d 80       		.byte	-128
 315 011e 37       		.byte	55
 316 011f 0F       		.byte	15
 317 0120 39       		.byte	57
 318 0121 02       		.byte	2
 319 0122 3B       		.byte	59
 320 0123 88       		.byte	-120
 321 0124 3F       		.byte	63
 322 0125 10       		.byte	16
 323 0126 40       		.byte	64
 324 0127 61       		.byte	97
 325 0128 41       		.byte	65
 326 0129 03       		.byte	3
 327 012a 46       		.byte	70
 328 012b BE       		.byte	-66
 329 012c 47       		.byte	71
 330 012d 0C       		.byte	12
 331 012e 48       		.byte	72
 332 012f 1C       		.byte	28
 333 0130 49       		.byte	73
 334 0131 FF       		.byte	-1
 335 0132 4A       		.byte	74
 336 0133 FF       		.byte	-1
 337 0134 4B       		.byte	75
 338 0135 FF       		.byte	-1
 339 0136 4E       		.byte	78
 340 0137 F0       		.byte	-16
 341 0138 4F       		.byte	79
 342 0139 44       		.byte	68
ARM GAS  C:\Users\nicho\AppData\Local\Temp\ccT9lI0f.s 			page 7


 343 013a 50       		.byte	80
 344 013b 0C       		.byte	12
 345 013c 58       		.byte	88
 346 013d 04       		.byte	4
 347 013e 59       		.byte	89
 348 013f 04       		.byte	4
 349 0140 5A       		.byte	90
 350 0141 04       		.byte	4
 351 0142 5F       		.byte	95
 352 0143 01       		.byte	1
 353 0144 66       		.byte	102
 354 0145 C0       		.byte	-64
 355 0146 6A       		.byte	106
 356 0147 40       		.byte	64
 357 0148 6B       		.byte	107
 358 0149 02       		.byte	2
 359 014a 80       		.byte	-128
 360 014b 4A       		.byte	74
 361 014c 81       		.byte	-127
 362 014d 24       		.byte	36
 363 014e 82       		.byte	-126
 364 014f 14       		.byte	20
 365 0150 83       		.byte	-125
 366 0151 1A       		.byte	26
 367 0152 84       		.byte	-124
 368 0153 73       		.byte	115
 369 0154 85       		.byte	-123
 370 0155 7C       		.byte	124
 371 0156 86       		.byte	-122
 372 0157 04       		.byte	4
 373 0158 88       		.byte	-120
 374 0159 73       		.byte	115
 375 015a 89       		.byte	-119
 376 015b 7C       		.byte	124
 377 015c 8A       		.byte	-118
 378 015d 0C       		.byte	12
 379 015e 91       		.byte	-111
 380 015f 10       		.byte	16
 381 0160 92       		.byte	-110
 382 0161 08       		.byte	8
 383 0162 93       		.byte	-109
 384 0163 61       		.byte	97
 385 0164 98       		.byte	-104
 386 0165 80       		.byte	-128
 387 0166 99       		.byte	-103
 388 0167 48       		.byte	72
 389 0168 9B       		.byte	-101
 390 0169 16       		.byte	22
 391 016a 9E       		.byte	-98
 392 016b 35       		.byte	53
 393 016c A4       		.byte	-92
 394 016d 03       		.byte	3
 395 016e A6       		.byte	-90
 396 016f 14       		.byte	20
 397 0170 A8       		.byte	-88
 398 0171 80       		.byte	-128
 399 0172 AC       		.byte	-84
ARM GAS  C:\Users\nicho\AppData\Local\Temp\ccT9lI0f.s 			page 8


 400 0173 80       		.byte	-128
 401 0174 B0       		.byte	-80
 402 0175 10       		.byte	16
 403 0176 B1       		.byte	-79
 404 0177 03       		.byte	3
 405 0178 B2       		.byte	-78
 406 0179 60       		.byte	96
 407 017a B4       		.byte	-76
 408 017b 0F       		.byte	15
 409 017c B5       		.byte	-75
 410 017d 0C       		.byte	12
 411 017e B6       		.byte	-74
 412 017f 80       		.byte	-128
 413 0180 B7       		.byte	-73
 414 0181 70       		.byte	112
 415 0182 B8       		.byte	-72
 416 0183 08       		.byte	8
 417 0184 BA       		.byte	-70
 418 0185 20       		.byte	32
 419 0186 BB       		.byte	-69
 420 0187 08       		.byte	8
 421 0188 BE       		.byte	-66
 422 0189 05       		.byte	5
 423 018a BF       		.byte	-65
 424 018b 01       		.byte	1
 425 018c C0       		.byte	-64
 426 018d 03       		.byte	3
 427 018e C6       		.byte	-58
 428 018f 04       		.byte	4
 429 0190 C9       		.byte	-55
 430 0191 FF       		.byte	-1
 431 0192 CA       		.byte	-54
 432 0193 07       		.byte	7
 433 0194 CB       		.byte	-53
 434 0195 FF       		.byte	-1
 435 0196 CC       		.byte	-52
 436 0197 40       		.byte	64
 437 0198 CD       		.byte	-51
 438 0199 20       		.byte	32
 439 019a CE       		.byte	-50
 440 019b F0       		.byte	-16
 441 019c CF       		.byte	-49
 442 019d 05       		.byte	5
 443 019e D0       		.byte	-48
 444 019f 08       		.byte	8
 445 01a0 D4       		.byte	-44
 446 01a1 01       		.byte	1
 447 01a2 D6       		.byte	-42
 448 01a3 04       		.byte	4
 449 01a4 D8       		.byte	-40
 450 01a5 04       		.byte	4
 451 01a6 D9       		.byte	-39
 452 01a7 04       		.byte	4
 453 01a8 DA       		.byte	-38
 454 01a9 04       		.byte	4
 455 01aa DB       		.byte	-37
 456 01ab 04       		.byte	4
ARM GAS  C:\Users\nicho\AppData\Local\Temp\ccT9lI0f.s 			page 9


 457 01ac DF       		.byte	-33
 458 01ad 01       		.byte	1
 459 01ae E0       		.byte	-32
 460 01af 40       		.byte	64
 461 01b0 E1       		.byte	-31
 462 01b1 A8       		.byte	-88
 463 01b2 E2       		.byte	-30
 464 01b3 40       		.byte	64
 465 01b4 E3       		.byte	-29
 466 01b5 20       		.byte	32
 467 01b6 00       		.byte	0
 468 01b7 15       		.byte	21
 469 01b8 04       		.byte	4
 470 01b9 01       		.byte	1
 471 01ba 05       		.byte	5
 472 01bb 10       		.byte	16
 473 01bc 06       		.byte	6
 474 01bd 20       		.byte	32
 475 01be 07       		.byte	7
 476 01bf 20       		.byte	32
 477 01c0 0A       		.byte	10
 478 01c1 02       		.byte	2
 479 01c2 0D       		.byte	13
 480 01c3 01       		.byte	1
 481 01c4 0E       		.byte	14
 482 01c5 05       		.byte	5
 483 01c6 0F       		.byte	15
 484 01c7 02       		.byte	2
 485 01c8 10       		.byte	16
 486 01c9 20       		.byte	32
 487 01ca 12       		.byte	18
 488 01cb 40       		.byte	64
 489 01cc 13       		.byte	19
 490 01cd 20       		.byte	32
 491 01ce 14       		.byte	20
 492 01cf 20       		.byte	32
 493 01d0 15       		.byte	21
 494 01d1 58       		.byte	88
 495 01d2 18       		.byte	24
 496 01d3 10       		.byte	16
 497 01d4 19       		.byte	25
 498 01d5 04       		.byte	4
 499 01d6 1C       		.byte	28
 500 01d7 04       		.byte	4
 501 01d8 1D       		.byte	29
 502 01d9 18       		.byte	24
 503 01da 1E       		.byte	30
 504 01db 42       		.byte	66
 505 01dc 20       		.byte	32
 506 01dd 01       		.byte	1
 507 01de 21       		.byte	33
 508 01df 01       		.byte	1
 509 01e0 22       		.byte	34
 510 01e1 41       		.byte	65
 511 01e2 23       		.byte	35
 512 01e3 24       		.byte	36
 513 01e4 25       		.byte	37
ARM GAS  C:\Users\nicho\AppData\Local\Temp\ccT9lI0f.s 			page 10


 514 01e5 40       		.byte	64
 515 01e6 26       		.byte	38
 516 01e7 20       		.byte	32
 517 01e8 27       		.byte	39
 518 01e9 51       		.byte	81
 519 01ea 29       		.byte	41
 520 01eb 14       		.byte	20
 521 01ec 2B       		.byte	43
 522 01ed 01       		.byte	1
 523 01ee 2D       		.byte	45
 524 01ef 01       		.byte	1
 525 01f0 2F       		.byte	47
 526 01f1 40       		.byte	64
 527 01f2 32       		.byte	50
 528 01f3 40       		.byte	64
 529 01f4 35       		.byte	53
 530 01f5 20       		.byte	32
 531 01f6 36       		.byte	54
 532 01f7 20       		.byte	32
 533 01f8 37       		.byte	55
 534 01f9 01       		.byte	1
 535 01fa 39       		.byte	57
 536 01fb 02       		.byte	2
 537 01fc 3A       		.byte	58
 538 01fd 60       		.byte	96
 539 01fe 3E       		.byte	62
 540 01ff 16       		.byte	22
 541 0200 42       		.byte	66
 542 0201 21       		.byte	33
 543 0202 45       		.byte	69
 544 0203 08       		.byte	8
 545 0204 49       		.byte	73
 546 0205 10       		.byte	16
 547 0206 50       		.byte	80
 548 0207 20       		.byte	32
 549 0208 51       		.byte	81
 550 0209 04       		.byte	4
 551 020a 53       		.byte	83
 552 020b 40       		.byte	64
 553 020c 56       		.byte	86
 554 020d 40       		.byte	64
 555 020e 57       		.byte	87
 556 020f 01       		.byte	1
 557 0210 5C       		.byte	92
 558 0211 20       		.byte	32
 559 0212 5D       		.byte	93
 560 0213 01       		.byte	1
 561 0214 5E       		.byte	94
 562 0215 40       		.byte	64
 563 0216 5F       		.byte	95
 564 0217 08       		.byte	8
 565 0218 67       		.byte	103
 566 0219 40       		.byte	64
 567 021a 7A       		.byte	122
 568 021b 03       		.byte	3
 569 021c 87       		.byte	-121
 570 021d 44       		.byte	68
ARM GAS  C:\Users\nicho\AppData\Local\Temp\ccT9lI0f.s 			page 11


 571 021e 89       		.byte	-119
 572 021f 40       		.byte	64
 573 0220 8A       		.byte	-118
 574 0221 02       		.byte	2
 575 0222 8B       		.byte	-117
 576 0223 80       		.byte	-128
 577 0224 91       		.byte	-111
 578 0225 50       		.byte	80
 579 0226 92       		.byte	-110
 580 0227 14       		.byte	20
 581 0228 97       		.byte	-105
 582 0229 80       		.byte	-128
 583 022a 9B       		.byte	-101
 584 022b 08       		.byte	8
 585 022c 9D       		.byte	-99
 586 022d 60       		.byte	96
 587 022e 9F       		.byte	-97
 588 022f 50       		.byte	80
 589 0230 A5       		.byte	-91
 590 0231 40       		.byte	64
 591 0232 A6       		.byte	-90
 592 0233 03       		.byte	3
 593 0234 A7       		.byte	-89
 594 0235 80       		.byte	-128
 595 0236 C0       		.byte	-64
 596 0237 7E       		.byte	126
 597 0238 C2       		.byte	-62
 598 0239 D1       		.byte	-47
 599 023a C4       		.byte	-60
 600 023b EE       		.byte	-18
 601 023c CA       		.byte	-54
 602 023d 0E       		.byte	14
 603 023e CC       		.byte	-52
 604 023f A8       		.byte	-88
 605 0240 CE       		.byte	-50
 606 0241 ED       		.byte	-19
 607 0242 D0       		.byte	-48
 608 0243 4A       		.byte	74
 609 0244 D2       		.byte	-46
 610 0245 04       		.byte	4
 611 0246 D6       		.byte	-42
 612 0247 F0       		.byte	-16
 613 0248 D8       		.byte	-40
 614 0249 80       		.byte	-128
 615 024a E0       		.byte	-32
 616 024b 02       		.byte	2
 617 024c 30       		.byte	48
 618 024d 02       		.byte	2
 619 024e 32       		.byte	50
 620 024f 40       		.byte	64
 621 0250 36       		.byte	54
 622 0251 20       		.byte	32
 623 0252 CC       		.byte	-52
 624 0253 70       		.byte	112
 625 0254 96       		.byte	-106
 626 0255 80       		.byte	-128
 627 0256 A4       		.byte	-92
ARM GAS  C:\Users\nicho\AppData\Local\Temp\ccT9lI0f.s 			page 12


 628 0257 02       		.byte	2
 629 0258 A6       		.byte	-90
 630 0259 20       		.byte	32
 631 025a 96       		.byte	-106
 632 025b 80       		.byte	-128
 633 025c A4       		.byte	-92
 634 025d 02       		.byte	2
 635 025e A6       		.byte	-90
 636 025f 20       		.byte	32
 637 0260 96       		.byte	-106
 638 0261 80       		.byte	-128
 639 0262 A4       		.byte	-92
 640 0263 02       		.byte	2
 641 0264 A6       		.byte	-90
 642 0265 20       		.byte	32
 643 0266 80       		.byte	-128
 644 0267 02       		.byte	2
 645 0268 82       		.byte	-126
 646 0269 40       		.byte	64
 647 026a 96       		.byte	-106
 648 026b 80       		.byte	-128
 649 026c A4       		.byte	-92
 650 026d 02       		.byte	2
 651 026e A6       		.byte	-90
 652 026f 20       		.byte	32
 653 0270 E2       		.byte	-30
 654 0271 20       		.byte	32
 655 0272 E6       		.byte	-26
 656 0273 80       		.byte	-128
 657 0274 86       		.byte	-122
 658 0275 20       		.byte	32
 659 0276 A6       		.byte	-90
 660 0277 20       		.byte	32
 661 0278 E6       		.byte	-26
 662 0279 40       		.byte	64
 663 027a 10       		.byte	16
 664 027b 40       		.byte	64
 665 027c 71       		.byte	113
 666 027d 02       		.byte	2
 667 027e 85       		.byte	-123
 668 027f 02       		.byte	2
 669 0280 88       		.byte	-120
 670 0281 40       		.byte	64
 671 0282 C4       		.byte	-60
 672 0283 08       		.byte	8
 673 0284 DC       		.byte	-36
 674 0285 01       		.byte	1
 675 0286 E2       		.byte	-30
 676 0287 01       		.byte	1
 677 0288 10       		.byte	16
 678 0289 01       		.byte	1
 679 028a 1C       		.byte	28
 680 028b 01       		.byte	1
 681 028c 00       		.byte	0
 682 028d 3F       		.byte	63
 683 028e 00       		.byte	0
 684 028f 00       		.byte	0
ARM GAS  C:\Users\nicho\AppData\Local\Temp\ccT9lI0f.s 			page 13


 685 0290 1F       		.byte	31
 686 0291 10       		.byte	16
 687 0292 60       		.byte	96
 688 0293 00       		.byte	0
 689 0294 7F       		.byte	127
 690 0295 08       		.byte	8
 691 0296 00       		.byte	0
 692 0297 00       		.byte	0
 693 0298 02       		.byte	2
 694 0299 18       		.byte	24
 695 029a 00       		.byte	0
 696 029b 00       		.byte	0
 697 029c 01       		.byte	1
 698 029d C0       		.byte	-64
 699 029e 00       		.byte	0
 700 029f 00       		.byte	0
 701 02a0 00       		.byte	0
 702 02a1 1C       		.byte	28
 703 02a2 00       		.byte	0
 704 02a3 E1       		.byte	-31
 705 02a4 1C       		.byte	28
 706 02a5 FF       		.byte	-1
 707 02a6 63       		.byte	99
 708 02a7 00       		.byte	0
 709 02a8 73       		.byte	115
 710 02a9 80       		.byte	-128
 711 02aa 0C       		.byte	12
 712 02ab 00       		.byte	0
 713 02ac 00       		.byte	0
 714 02ad 00       		.byte	0
 715 02ae 23       		.byte	35
 716 02af E3       		.byte	-29
 717 02b0 03       		.byte	3
 718 02b1 44       		.byte	68
 719 02b2 00       		.byte	0
 720 02b3 00       		.byte	0
 721 02b4 04       		.byte	4
 722 02b5 E7       		.byte	-25
 723 02b6 00       		.byte	0
 724 02b7 18       		.byte	24
 725 02b8 0C       		.byte	12
 726 02b9 3C       		.byte	60
 727 02ba 00       		.byte	0
 728 02bb C2       		.byte	-62
 729 02bc 08       		.byte	8
 730 02bd 00       		.byte	0
 731 02be 00       		.byte	0
 732 02bf 04       		.byte	4
 733 02c0 2C       		.byte	44
 734 02c1 00       		.byte	0
 735 02c2 10       		.byte	16
 736 02c3 38       		.byte	56
 737 02c4 0F       		.byte	15
 738 02c5 1F       		.byte	31
 739 02c6 40       		.byte	64
 740 02c7 C0       		.byte	-64
 741 02c8 80       		.byte	-128
ARM GAS  C:\Users\nicho\AppData\Local\Temp\ccT9lI0f.s 			page 14


 742 02c9 00       		.byte	0
 743 02ca 22       		.byte	34
 744 02cb 20       		.byte	32
 745 02cc 00       		.byte	0
 746 02cd 00       		.byte	0
 747 02ce 04       		.byte	4
 748 02cf 00       		.byte	0
 749 02d0 35       		.byte	53
 750 02d1 02       		.byte	2
 751 02d2 06       		.byte	6
 752 02d3 00       		.byte	0
 753 02d4 01       		.byte	1
 754 02d5 C0       		.byte	-64
 755 02d6 E0       		.byte	-32
 756 02d7 00       		.byte	0
 757 02d8 0A       		.byte	10
 758 02d9 FF       		.byte	-1
 759 02da FF       		.byte	-1
 760 02db FF       		.byte	-1
 761 02dc 62       		.byte	98
 762 02dd A0       		.byte	-96
 763 02de F0       		.byte	-16
 764 02df 41       		.byte	65
 765 02e0 0C       		.byte	12
 766 02e1 00       		.byte	0
 767 02e2 00       		.byte	0
 768 02e3 00       		.byte	0
 769 02e4 00       		.byte	0
 770 02e5 00       		.byte	0
 771 02e6 02       		.byte	2
 772 02e7 11       		.byte	17
 773 02e8 04       		.byte	4
 774 02e9 04       		.byte	4
 775 02ea 04       		.byte	4
 776 02eb 04       		.byte	4
 777 02ec 00       		.byte	0
 778 02ed 00       		.byte	0
 779 02ee 00       		.byte	0
 780 02ef 01       		.byte	1
 781 02f0 00       		.byte	0
 782 02f1 00       		.byte	0
 783 02f2 00       		.byte	0
 784 02f3 00       		.byte	0
 785 02f4 00       		.byte	0
 786 02f5 00       		.byte	0
 787 02f6 40       		.byte	64
 788 02f7 02       		.byte	2
 789 02f8 00       		.byte	0
 790 02f9 10       		.byte	16
 791 02fa 30       		.byte	48
 792 02fb 10       		.byte	16
 793 02fc 00       		.byte	0
 794 02fd 10       		.byte	16
 795 02fe 10       		.byte	16
 796 02ff 12       		.byte	18
 797 0300 00       		.byte	0
 798 0301 00       		.byte	0
ARM GAS  C:\Users\nicho\AppData\Local\Temp\ccT9lI0f.s 			page 15


 799 0302 00       		.byte	0
 800 0303 00       		.byte	0
 801 0304 00       		.byte	0
 802 0305 00       		.byte	0
 803 0306 00       		.byte	0
 804 0307 00       		.byte	0
 805 0308 00       		.byte	0
 806 0309 00       		.byte	0
 807 030a 00       		.byte	0
 808 030b 00       		.byte	0
 809 030c 00       		.byte	0
 810 030d 00       		.byte	0
 811 030e 00       		.byte	0
 812 030f 00       		.byte	0
 813 0310 80       		.byte	-128
 814 0311 00       		.byte	0
 815 0312 00       		.byte	0
 816 0313 80       		.byte	-128
 817 0314 80       		.byte	-128
 818 0315 00       		.byte	0
 819 0316 00       		.byte	0
 820 0317 00       		.byte	0
 821 0318 00       		.byte	0
 822 0319 00       		.byte	0
 823 031a 00       		.byte	0
 824 031b 00       		.byte	0
 825 031c 80       		.byte	-128
 826 031d 00       		.byte	0
 827 031e 40       		.byte	64
 828 031f 80       		.byte	-128
 829 0320 80       		.byte	-128
 830 0321 00       		.byte	0
 831 0322 80       		.byte	-128
 832 0323 00       		.byte	0
 833 0324 00       		.byte	0
 834 0325 00       		.byte	0
 835 0326 00       		.byte	0
 836 0327 00       		.byte	0
 837 0328 40       		.byte	64
 838 0329 00       		.byte	0
 839 032a 00       		.byte	0
 840 032b 4B       		.byte	75
 841 032c 0B       		.byte	11
 842 032d 00       		.byte	0
 843 032e 00       		.byte	0
 844 032f 00       		.byte	0
 845 0330 00       		.byte	0
 846 0331 00       		.byte	0
 847 0332 00       		.byte	0
 848 0333 00       		.byte	0
 849 0334 01       		.byte	1
 850 0335 00       		.byte	0
 851 0336 00       		.byte	0
 852 0337 01       		.byte	1
 853 0338 01       		.byte	1
 854 0339 00       		.byte	0
 855 033a 00       		.byte	0
ARM GAS  C:\Users\nicho\AppData\Local\Temp\ccT9lI0f.s 			page 16


 856 033b 00       		.byte	0
 857 033c 00       		.byte	0
 858 033d 00       		.byte	0
 859 033e 00       		.byte	0
 860 033f 00       		.byte	0
 861              		.section	.cywolatch,"a",%progbits
 862              		.align	2
 863              		.type	cy_meta_wonvl, %object
 864              		.size	cy_meta_wonvl, 4
 865              	cy_meta_wonvl:
 866 0000 BC       		.byte	-68
 867 0001 90       		.byte	-112
 868 0002 AC       		.byte	-84
 869 0003 AF       		.byte	-81
 870              		.section	.cycustnvl,"a",%progbits
 871              		.align	2
 872              		.type	cy_meta_custnvl, %object
 873              		.size	cy_meta_custnvl, 4
 874              	cy_meta_custnvl:
 875 0000 00       		.byte	0
 876 0001 00       		.byte	0
 877 0002 40       		.byte	64
 878 0003 05       		.byte	5
 879              		.section	.cymeta,"a",%progbits
 880              		.align	2
 881              		.type	cy_metadata, %object
 882              		.size	cy_metadata, 12
 883              	cy_metadata:
 884 0000 00       		.byte	0
 885 0001 01       		.byte	1
 886 0002 2E       		.byte	46
 887 0003 16       		.byte	22
 888 0004 10       		.byte	16
 889 0005 69       		.byte	105
 890 0006 00       		.byte	0
 891 0007 01       		.byte	1
 892 0008 00       		.byte	0
 893 0009 00       		.byte	0
 894 000a 00       		.byte	0
 895 000b 00       		.byte	0
 896              		.section	.cyflashprotect,"a",%progbits
 897              		.align	2
 898              		.type	cy_meta_flashprotect, %object
 899              		.size	cy_meta_flashprotect, 256
 900              	cy_meta_flashprotect:
 901 0000 00000000 		.space	256
 901      00000000 
 901      00000000 
 901      00000000 
 901      00000000 
 902              		.text
 903              	.Letext0:
 904              		.file 1 "c:\\program files (x86)\\cypress\\psoc creator\\4.2\\psoc creator\\import\\gnu\\arm\\5.4.
 905              		.file 2 "c:\\program files (x86)\\cypress\\psoc creator\\4.2\\psoc creator\\import\\gnu\\arm\\5.4.
 906              		.file 3 "Generated_Source\\PSoC5\\cymetadata.c"
 907              		.section	.debug_info,"",%progbits
 908              	.Ldebug_info0:
ARM GAS  C:\Users\nicho\AppData\Local\Temp\ccT9lI0f.s 			page 17


 909 0000 31010000 		.4byte	0x131
 910 0004 0400     		.2byte	0x4
 911 0006 00000000 		.4byte	.Ldebug_abbrev0
 912 000a 04       		.byte	0x4
 913 000b 01       		.uleb128 0x1
 914 000c 24000000 		.4byte	.LASF17
 915 0010 0C       		.byte	0xc
 916 0011 DE010000 		.4byte	.LASF18
 917 0015 D7000000 		.4byte	.LASF19
 918 0019 00000000 		.4byte	.Ldebug_line0
 919 001d 02       		.uleb128 0x2
 920 001e 01       		.byte	0x1
 921 001f 06       		.byte	0x6
 922 0020 D2010000 		.4byte	.LASF0
 923 0024 03       		.uleb128 0x3
 924 0025 00000000 		.4byte	.LASF9
 925 0029 01       		.byte	0x1
 926 002a 1D       		.byte	0x1d
 927 002b 2F000000 		.4byte	0x2f
 928 002f 02       		.uleb128 0x2
 929 0030 01       		.byte	0x1
 930 0031 08       		.byte	0x8
 931 0032 16000000 		.4byte	.LASF1
 932 0036 02       		.uleb128 0x2
 933 0037 02       		.byte	0x2
 934 0038 05       		.byte	0x5
 935 0039 BF010000 		.4byte	.LASF2
 936 003d 02       		.uleb128 0x2
 937 003e 02       		.byte	0x2
 938 003f 07       		.byte	0x7
 939 0040 C4000000 		.4byte	.LASF3
 940 0044 02       		.uleb128 0x2
 941 0045 04       		.byte	0x4
 942 0046 05       		.byte	0x5
 943 0047 C9010000 		.4byte	.LASF4
 944 004b 02       		.uleb128 0x2
 945 004c 04       		.byte	0x4
 946 004d 07       		.byte	0x7
 947 004e B2000000 		.4byte	.LASF5
 948 0052 02       		.uleb128 0x2
 949 0053 08       		.byte	0x8
 950 0054 05       		.byte	0x5
 951 0055 B1010000 		.4byte	.LASF6
 952 0059 02       		.uleb128 0x2
 953 005a 08       		.byte	0x8
 954 005b 07       		.byte	0x7
 955 005c 66010000 		.4byte	.LASF7
 956 0060 04       		.uleb128 0x4
 957 0061 04       		.byte	0x4
 958 0062 05       		.byte	0x5
 959 0063 696E7400 		.ascii	"int\000"
 960 0067 02       		.uleb128 0x2
 961 0068 04       		.byte	0x4
 962 0069 07       		.byte	0x7
 963 006a 59010000 		.4byte	.LASF8
 964 006e 03       		.uleb128 0x3
 965 006f 7D010000 		.4byte	.LASF10
ARM GAS  C:\Users\nicho\AppData\Local\Temp\ccT9lI0f.s 			page 18


 966 0073 02       		.byte	0x2
 967 0074 18       		.byte	0x18
 968 0075 24000000 		.4byte	0x24
 969 0079 05       		.uleb128 0x5
 970 007a 91000000 		.4byte	0x91
 971 007e 8A000000 		.4byte	0x8a
 972 0082 06       		.uleb128 0x6
 973 0083 8A000000 		.4byte	0x8a
 974 0087 3F03     		.2byte	0x33f
 975 0089 00       		.byte	0
 976 008a 02       		.uleb128 0x2
 977 008b 04       		.byte	0x4
 978 008c 07       		.byte	0x7
 979 008d A8010000 		.4byte	.LASF11
 980 0091 07       		.uleb128 0x7
 981 0092 6E000000 		.4byte	0x6e
 982 0096 08       		.uleb128 0x8
 983 0097 47010000 		.4byte	.LASF12
 984 009b 03       		.byte	0x3
 985 009c 1F       		.byte	0x1f
 986 009d A7000000 		.4byte	0xa7
 987 00a1 05       		.uleb128 0x5
 988 00a2 03       		.byte	0x3
 989 00a3 00000000 		.4byte	cy_meta_configecc
 990 00a7 07       		.uleb128 0x7
 991 00a8 79000000 		.4byte	0x79
 992 00ac 05       		.uleb128 0x5
 993 00ad 91000000 		.4byte	0x91
 994 00b1 BC000000 		.4byte	0xbc
 995 00b5 09       		.uleb128 0x9
 996 00b6 8A000000 		.4byte	0x8a
 997 00ba 03       		.byte	0x3
 998 00bb 00       		.byte	0
 999 00bc 08       		.uleb128 0x8
 1000 00bd 37010000 		.4byte	.LASF13
 1001 00c1 03       		.byte	0x3
 1002 00c2 94       		.byte	0x94
 1003 00c3 CD000000 		.4byte	0xcd
 1004 00c7 05       		.uleb128 0x5
 1005 00c8 03       		.byte	0x3
 1006 00c9 00000000 		.4byte	cy_meta_custnvl
 1007 00cd 07       		.uleb128 0x7
 1008 00ce AC000000 		.4byte	0xac
 1009 00d2 08       		.uleb128 0x8
 1010 00d3 9A010000 		.4byte	.LASF14
 1011 00d7 03       		.byte	0x3
 1012 00d8 A2       		.byte	0xa2
 1013 00d9 E3000000 		.4byte	0xe3
 1014 00dd 05       		.uleb128 0x5
 1015 00de 03       		.byte	0x3
 1016 00df 00000000 		.4byte	cy_meta_wonvl
 1017 00e3 07       		.uleb128 0x7
 1018 00e4 AC000000 		.4byte	0xac
 1019 00e8 05       		.uleb128 0x5
 1020 00e9 91000000 		.4byte	0x91
 1021 00ed F8000000 		.4byte	0xf8
 1022 00f1 09       		.uleb128 0x9
ARM GAS  C:\Users\nicho\AppData\Local\Temp\ccT9lI0f.s 			page 19


 1023 00f2 8A000000 		.4byte	0x8a
 1024 00f6 FF       		.byte	0xff
 1025 00f7 00       		.byte	0
 1026 00f8 08       		.uleb128 0x8
 1027 00f9 85010000 		.4byte	.LASF15
 1028 00fd 03       		.byte	0x3
 1029 00fe B0       		.byte	0xb0
 1030 00ff 09010000 		.4byte	0x109
 1031 0103 05       		.uleb128 0x5
 1032 0104 03       		.byte	0x3
 1033 0105 00000000 		.4byte	cy_meta_flashprotect
 1034 0109 07       		.uleb128 0x7
 1035 010a E8000000 		.4byte	0xe8
 1036 010e 05       		.uleb128 0x5
 1037 010f 91000000 		.4byte	0x91
 1038 0113 1E010000 		.4byte	0x11e
 1039 0117 09       		.uleb128 0x9
 1040 0118 8A000000 		.4byte	0x8a
 1041 011c 0B       		.byte	0xb
 1042 011d 00       		.byte	0
 1043 011e 08       		.uleb128 0x8
 1044 011f 0A000000 		.4byte	.LASF16
 1045 0123 03       		.byte	0x3
 1046 0124 DD       		.byte	0xdd
 1047 0125 2F010000 		.4byte	0x12f
 1048 0129 05       		.uleb128 0x5
 1049 012a 03       		.byte	0x3
 1050 012b 00000000 		.4byte	cy_metadata
 1051 012f 07       		.uleb128 0x7
 1052 0130 0E010000 		.4byte	0x10e
 1053 0134 00       		.byte	0
 1054              		.section	.debug_abbrev,"",%progbits
 1055              	.Ldebug_abbrev0:
 1056 0000 01       		.uleb128 0x1
 1057 0001 11       		.uleb128 0x11
 1058 0002 01       		.byte	0x1
 1059 0003 25       		.uleb128 0x25
 1060 0004 0E       		.uleb128 0xe
 1061 0005 13       		.uleb128 0x13
 1062 0006 0B       		.uleb128 0xb
 1063 0007 03       		.uleb128 0x3
 1064 0008 0E       		.uleb128 0xe
 1065 0009 1B       		.uleb128 0x1b
 1066 000a 0E       		.uleb128 0xe
 1067 000b 10       		.uleb128 0x10
 1068 000c 17       		.uleb128 0x17
 1069 000d 00       		.byte	0
 1070 000e 00       		.byte	0
 1071 000f 02       		.uleb128 0x2
 1072 0010 24       		.uleb128 0x24
 1073 0011 00       		.byte	0
 1074 0012 0B       		.uleb128 0xb
 1075 0013 0B       		.uleb128 0xb
 1076 0014 3E       		.uleb128 0x3e
 1077 0015 0B       		.uleb128 0xb
 1078 0016 03       		.uleb128 0x3
 1079 0017 0E       		.uleb128 0xe
ARM GAS  C:\Users\nicho\AppData\Local\Temp\ccT9lI0f.s 			page 20


 1080 0018 00       		.byte	0
 1081 0019 00       		.byte	0
 1082 001a 03       		.uleb128 0x3
 1083 001b 16       		.uleb128 0x16
 1084 001c 00       		.byte	0
 1085 001d 03       		.uleb128 0x3
 1086 001e 0E       		.uleb128 0xe
 1087 001f 3A       		.uleb128 0x3a
 1088 0020 0B       		.uleb128 0xb
 1089 0021 3B       		.uleb128 0x3b
 1090 0022 0B       		.uleb128 0xb
 1091 0023 49       		.uleb128 0x49
 1092 0024 13       		.uleb128 0x13
 1093 0025 00       		.byte	0
 1094 0026 00       		.byte	0
 1095 0027 04       		.uleb128 0x4
 1096 0028 24       		.uleb128 0x24
 1097 0029 00       		.byte	0
 1098 002a 0B       		.uleb128 0xb
 1099 002b 0B       		.uleb128 0xb
 1100 002c 3E       		.uleb128 0x3e
 1101 002d 0B       		.uleb128 0xb
 1102 002e 03       		.uleb128 0x3
 1103 002f 08       		.uleb128 0x8
 1104 0030 00       		.byte	0
 1105 0031 00       		.byte	0
 1106 0032 05       		.uleb128 0x5
 1107 0033 01       		.uleb128 0x1
 1108 0034 01       		.byte	0x1
 1109 0035 49       		.uleb128 0x49
 1110 0036 13       		.uleb128 0x13
 1111 0037 01       		.uleb128 0x1
 1112 0038 13       		.uleb128 0x13
 1113 0039 00       		.byte	0
 1114 003a 00       		.byte	0
 1115 003b 06       		.uleb128 0x6
 1116 003c 21       		.uleb128 0x21
 1117 003d 00       		.byte	0
 1118 003e 49       		.uleb128 0x49
 1119 003f 13       		.uleb128 0x13
 1120 0040 2F       		.uleb128 0x2f
 1121 0041 05       		.uleb128 0x5
 1122 0042 00       		.byte	0
 1123 0043 00       		.byte	0
 1124 0044 07       		.uleb128 0x7
 1125 0045 26       		.uleb128 0x26
 1126 0046 00       		.byte	0
 1127 0047 49       		.uleb128 0x49
 1128 0048 13       		.uleb128 0x13
 1129 0049 00       		.byte	0
 1130 004a 00       		.byte	0
 1131 004b 08       		.uleb128 0x8
 1132 004c 34       		.uleb128 0x34
 1133 004d 00       		.byte	0
 1134 004e 03       		.uleb128 0x3
 1135 004f 0E       		.uleb128 0xe
 1136 0050 3A       		.uleb128 0x3a
ARM GAS  C:\Users\nicho\AppData\Local\Temp\ccT9lI0f.s 			page 21


 1137 0051 0B       		.uleb128 0xb
 1138 0052 3B       		.uleb128 0x3b
 1139 0053 0B       		.uleb128 0xb
 1140 0054 49       		.uleb128 0x49
 1141 0055 13       		.uleb128 0x13
 1142 0056 3F       		.uleb128 0x3f
 1143 0057 19       		.uleb128 0x19
 1144 0058 02       		.uleb128 0x2
 1145 0059 18       		.uleb128 0x18
 1146 005a 00       		.byte	0
 1147 005b 00       		.byte	0
 1148 005c 09       		.uleb128 0x9
 1149 005d 21       		.uleb128 0x21
 1150 005e 00       		.byte	0
 1151 005f 49       		.uleb128 0x49
 1152 0060 13       		.uleb128 0x13
 1153 0061 2F       		.uleb128 0x2f
 1154 0062 0B       		.uleb128 0xb
 1155 0063 00       		.byte	0
 1156 0064 00       		.byte	0
 1157 0065 00       		.byte	0
 1158              		.section	.debug_aranges,"",%progbits
 1159 0000 14000000 		.4byte	0x14
 1160 0004 0200     		.2byte	0x2
 1161 0006 00000000 		.4byte	.Ldebug_info0
 1162 000a 04       		.byte	0x4
 1163 000b 00       		.byte	0
 1164 000c 0000     		.2byte	0
 1165 000e 0000     		.2byte	0
 1166 0010 00000000 		.4byte	0
 1167 0014 00000000 		.4byte	0
 1168              		.section	.debug_line,"",%progbits
 1169              	.Ldebug_line0:
 1170 0000 3D010000 		.section	.debug_str,"MS",%progbits,1
 1170      02003701 
 1170      00000201 
 1170      FB0E0D00 
 1170      01010101 
 1171              	.LASF9:
 1172 0000 5F5F7569 		.ascii	"__uint8_t\000"
 1172      6E74385F 
 1172      7400
 1173              	.LASF16:
 1174 000a 63795F6D 		.ascii	"cy_metadata\000"
 1174      65746164 
 1174      61746100 
 1175              	.LASF1:
 1176 0016 756E7369 		.ascii	"unsigned char\000"
 1176      676E6564 
 1176      20636861 
 1176      7200
 1177              	.LASF17:
 1178 0024 474E5520 		.ascii	"GNU C11 5.4.1 20160609 (release) [ARM/embedded-5-br"
 1178      43313120 
 1178      352E342E 
 1178      31203230 
 1178      31363036 
ARM GAS  C:\Users\nicho\AppData\Local\Temp\ccT9lI0f.s 			page 22


 1179 0057 616E6368 		.ascii	"anch revision 237715] -mcpu=cortex-m3 -mthumb -g -O"
 1179      20726576 
 1179      6973696F 
 1179      6E203233 
 1179      37373135 
 1180 008a 67202D66 		.ascii	"g -ffunction-sections -ffat-lto-objects\000"
 1180      66756E63 
 1180      74696F6E 
 1180      2D736563 
 1180      74696F6E 
 1181              	.LASF5:
 1182 00b2 6C6F6E67 		.ascii	"long unsigned int\000"
 1182      20756E73 
 1182      69676E65 
 1182      6420696E 
 1182      7400
 1183              	.LASF3:
 1184 00c4 73686F72 		.ascii	"short unsigned int\000"
 1184      7420756E 
 1184      7369676E 
 1184      65642069 
 1184      6E7400
 1185              	.LASF19:
 1186 00d7 433A5C55 		.ascii	"C:\\Users\\nicho\\Desktop\\school\\research assista"
 1186      73657273 
 1186      5C6E6963 
 1186      686F5C44 
 1186      65736B74 
 1187 0105 6E745C62 		.ascii	"nt\\bluetooth project\\bluetooth isr\\Design01.cyds"
 1187      6C756574 
 1187      6F6F7468 
 1187      2070726F 
 1187      6A656374 
 1188 0135 6E00     		.ascii	"n\000"
 1189              	.LASF13:
 1190 0137 63795F6D 		.ascii	"cy_meta_custnvl\000"
 1190      6574615F 
 1190      63757374 
 1190      6E766C00 
 1191              	.LASF12:
 1192 0147 63795F6D 		.ascii	"cy_meta_configecc\000"
 1192      6574615F 
 1192      636F6E66 
 1192      69676563 
 1192      6300
 1193              	.LASF8:
 1194 0159 756E7369 		.ascii	"unsigned int\000"
 1194      676E6564 
 1194      20696E74 
 1194      00
 1195              	.LASF7:
 1196 0166 6C6F6E67 		.ascii	"long long unsigned int\000"
 1196      206C6F6E 
 1196      6720756E 
 1196      7369676E 
 1196      65642069 
 1197              	.LASF10:
ARM GAS  C:\Users\nicho\AppData\Local\Temp\ccT9lI0f.s 			page 23


 1198 017d 75696E74 		.ascii	"uint8_t\000"
 1198      385F7400 
 1199              	.LASF15:
 1200 0185 63795F6D 		.ascii	"cy_meta_flashprotect\000"
 1200      6574615F 
 1200      666C6173 
 1200      6870726F 
 1200      74656374 
 1201              	.LASF14:
 1202 019a 63795F6D 		.ascii	"cy_meta_wonvl\000"
 1202      6574615F 
 1202      776F6E76 
 1202      6C00
 1203              	.LASF11:
 1204 01a8 73697A65 		.ascii	"sizetype\000"
 1204      74797065 
 1204      00
 1205              	.LASF6:
 1206 01b1 6C6F6E67 		.ascii	"long long int\000"
 1206      206C6F6E 
 1206      6720696E 
 1206      7400
 1207              	.LASF2:
 1208 01bf 73686F72 		.ascii	"short int\000"
 1208      7420696E 
 1208      7400
 1209              	.LASF4:
 1210 01c9 6C6F6E67 		.ascii	"long int\000"
 1210      20696E74 
 1210      00
 1211              	.LASF0:
 1212 01d2 7369676E 		.ascii	"signed char\000"
 1212      65642063 
 1212      68617200 
 1213              	.LASF18:
 1214 01de 47656E65 		.ascii	"Generated_Source\\PSoC5\\cymetadata.c\000"
 1214      72617465 
 1214      645F536F 
 1214      75726365 
 1214      5C50536F 
 1215              		.ident	"GCC: (GNU Tools for ARM Embedded Processors) 5.4.1 20160609 (release) [ARM/embedded-5-bran
