ARM GAS  C:\Users\nicho\AppData\Local\Temp\cc55asxU.s 			page 1


   1              		.syntax unified
   2              		.cpu cortex-m3
   3              		.fpu softvfp
   4              		.eabi_attribute 20, 1
   5              		.eabi_attribute 21, 1
   6              		.eabi_attribute 23, 3
   7              		.eabi_attribute 24, 1
   8              		.eabi_attribute 25, 1
   9              		.eabi_attribute 26, 1
  10              		.eabi_attribute 30, 1
  11              		.eabi_attribute 34, 1
  12              		.eabi_attribute 18, 4
  13              		.thumb
  14              		.syntax unified
  15              		.file	"main.c"
  16              		.text
  17              	.Ltext0:
  18              		.cfi_sections	.debug_frame
  19              		.section	.text.trigger_isr_Handler,"ax",%progbits
  20              		.align	2
  21              		.global	trigger_isr_Handler
  22              		.thumb
  23              		.thumb_func
  24              		.type	trigger_isr_Handler, %function
  25              	trigger_isr_Handler:
  26              	.LFB63:
  27              		.file 1 "main.c"
   1:main.c        **** /* ========================================
   2:main.c        ****  *
   3:main.c        ****  * Copyright Lik Siang Chew, 2022
   4:main.c        ****  * All Rights Reserved
   5:main.c        ****  * UNPUBLISHED, LICENSED SOFTWARE.
   6:main.c        ****  *
   7:main.c        ****  * CONFIDENTIAL AND PROPRIETARY INFORMATION
   8:main.c        ****  * WHICH IS THE PROPERTY OF Lik Siang Chew.
   9:main.c        ****  *
  10:main.c        ****  * ========================================
  11:main.c        **** */
  12:main.c        **** #include "project.h"
  13:main.c        **** 
  14:main.c        **** char Rx;
  15:main.c        **** 
  16:main.c        **** CY_ISR(trigger_isr_Handler)
  17:main.c        **** {
  28              		.loc 1 17 0
  29              		.cfi_startproc
  30              		@ args = 0, pretend = 0, frame = 0
  31              		@ frame_needed = 0, uses_anonymous_args = 0
  32 0000 08B5     		push	{r3, lr}
  33              		.cfi_def_cfa_offset 8
  34              		.cfi_offset 3, -8
  35              		.cfi_offset 14, -4
  18:main.c        ****     //Rx & Tx can also be changed to 12[2], 12[3]
  19:main.c        ****     //Rx of PSOC = Tx of bluetooth and vice versa
  20:main.c        ****     Rx = UART_1_GetChar();
  36              		.loc 1 20 0
  37 0002 FFF7FEFF 		bl	UART_1_GetChar
ARM GAS  C:\Users\nicho\AppData\Local\Temp\cc55asxU.s 			page 2


  38              	.LVL0:
  39 0006 194B     		ldr	r3, .L7
  40 0008 1870     		strb	r0, [r3]
  21:main.c        ****     if (Rx == 'g') {
  41              		.loc 1 21 0
  42 000a 6728     		cmp	r0, #103
  43 000c 08D1     		bne	.L2
  22:main.c        ****         UART_1_PutChar(Rx);
  44              		.loc 1 22 0
  45 000e FFF7FEFF 		bl	UART_1_PutChar
  46              	.LVL1:
  23:main.c        ****         Pin_1_Write(~Pin_1_Read());
  47              		.loc 1 23 0
  48 0012 FFF7FEFF 		bl	Pin_1_Read
  49              	.LVL2:
  50 0016 C043     		mvns	r0, r0
  51 0018 C0B2     		uxtb	r0, r0
  52 001a FFF7FEFF 		bl	Pin_1_Write
  53              	.LVL3:
  54 001e 1FE0     		b	.L3
  55              	.L2:
  24:main.c        **** 
  25:main.c        ****     } else if (Rx == 'r'){
  56              		.loc 1 25 0
  57 0020 7228     		cmp	r0, #114
  58 0022 08D1     		bne	.L4
  26:main.c        ****         UART_1_PutChar(Rx);
  59              		.loc 1 26 0
  60 0024 FFF7FEFF 		bl	UART_1_PutChar
  61              	.LVL4:
  27:main.c        ****         Pin_red_Write(~Pin_red_Read());
  62              		.loc 1 27 0
  63 0028 FFF7FEFF 		bl	Pin_red_Read
  64              	.LVL5:
  65 002c C043     		mvns	r0, r0
  66 002e C0B2     		uxtb	r0, r0
  67 0030 FFF7FEFF 		bl	Pin_red_Write
  68              	.LVL6:
  69 0034 14E0     		b	.L3
  70              	.L4:
  28:main.c        **** 
  29:main.c        ****     } else if (Rx == 'o') {
  71              		.loc 1 29 0
  72 0036 6F28     		cmp	r0, #111
  73 0038 08D1     		bne	.L5
  30:main.c        ****         UART_1_PutChar(Rx);
  74              		.loc 1 30 0
  75 003a FFF7FEFF 		bl	UART_1_PutChar
  76              	.LVL7:
  31:main.c        ****         Pin_1_Write(0);
  77              		.loc 1 31 0
  78 003e 0020     		movs	r0, #0
  79 0040 FFF7FEFF 		bl	Pin_1_Write
  80              	.LVL8:
  32:main.c        ****         Pin_red_Write(0);
  81              		.loc 1 32 0
  82 0044 0020     		movs	r0, #0
ARM GAS  C:\Users\nicho\AppData\Local\Temp\cc55asxU.s 			page 3


  83 0046 FFF7FEFF 		bl	Pin_red_Write
  84              	.LVL9:
  85 004a 09E0     		b	.L3
  86              	.L5:
  33:main.c        ****     } else if (Rx == 'a') {
  87              		.loc 1 33 0
  88 004c 6128     		cmp	r0, #97
  89 004e 07D1     		bne	.L3
  34:main.c        ****         UART_1_PutChar(Rx);
  90              		.loc 1 34 0
  91 0050 FFF7FEFF 		bl	UART_1_PutChar
  92              	.LVL10:
  35:main.c        ****         Pin_1_Write(1);
  93              		.loc 1 35 0
  94 0054 0120     		movs	r0, #1
  95 0056 FFF7FEFF 		bl	Pin_1_Write
  96              	.LVL11:
  36:main.c        ****         Pin_red_Write(1);
  97              		.loc 1 36 0
  98 005a 0120     		movs	r0, #1
  99 005c FFF7FEFF 		bl	Pin_red_Write
 100              	.LVL12:
 101              	.L3:
  37:main.c        ****     }
  38:main.c        ****     
  39:main.c        ****     UART_1_ClearRxBuffer();
 102              		.loc 1 39 0
 103 0060 FFF7FEFF 		bl	UART_1_ClearRxBuffer
 104              	.LVL13:
  40:main.c        ****     isr_rx_ClearPending();
 105              		.loc 1 40 0
 106 0064 FFF7FEFF 		bl	isr_rx_ClearPending
 107              	.LVL14:
 108 0068 08BD     		pop	{r3, pc}
 109              	.L8:
 110 006a 00BF     		.align	2
 111              	.L7:
 112 006c 00000000 		.word	Rx
 113              		.cfi_endproc
 114              	.LFE63:
 115              		.size	trigger_isr_Handler, .-trigger_isr_Handler
 116              		.section	.text.main,"ax",%progbits
 117              		.align	2
 118              		.global	main
 119              		.thumb
 120              		.thumb_func
 121              		.type	main, %function
 122              	main:
 123              	.LFB64:
  41:main.c        **** }
  42:main.c        **** int main(void)
  43:main.c        **** {
 124              		.loc 1 43 0
 125              		.cfi_startproc
 126              		@ Volatile: function does not return.
 127              		@ args = 0, pretend = 0, frame = 0
 128              		@ frame_needed = 0, uses_anonymous_args = 0
ARM GAS  C:\Users\nicho\AppData\Local\Temp\cc55asxU.s 			page 4


 129 0000 08B5     		push	{r3, lr}
 130              		.cfi_def_cfa_offset 8
 131              		.cfi_offset 3, -8
 132              		.cfi_offset 14, -4
  44:main.c        ****     CyGlobalIntEnable; /* Enable global interrupts. */
 133              		.loc 1 44 0
 134              		.syntax unified
 135              	@ 44 "main.c" 1
 136 0002 62B6     		CPSIE   i
 137              	@ 0 "" 2
  45:main.c        **** 
  46:main.c        ****     /* Place your initialization/startup code here (e.g. MyInst_Start()) */
  47:main.c        ****     uint8 ch;
  48:main.c        ****     UART_1_Start();
 138              		.loc 1 48 0
 139              		.thumb
 140              		.syntax unified
 141 0004 FFF7FEFF 		bl	UART_1_Start
 142              	.LVL15:
  49:main.c        ****     char Rx;
  50:main.c        ****     
  51:main.c        ****     isr_rx_StartEx(trigger_isr_Handler);
 143              		.loc 1 51 0
 144 0008 0548     		ldr	r0, .L12
 145 000a FFF7FEFF 		bl	isr_rx_StartEx
 146              	.LVL16:
 147              	.L10:
  52:main.c        ****     for(;;)
  53:main.c        ****     {
  54:main.c        ****         CyDelay(10000);
 148              		.loc 1 54 0 discriminator 1
 149 000e 42F21070 		movw	r0, #10000
 150 0012 FFF7FEFF 		bl	CyDelay
 151              	.LVL17:
  55:main.c        ****         UART_1_PutChar('D');
 152              		.loc 1 55 0 discriminator 1
 153 0016 4420     		movs	r0, #68
 154 0018 FFF7FEFF 		bl	UART_1_PutChar
 155              	.LVL18:
 156 001c F7E7     		b	.L10
 157              	.L13:
 158 001e 00BF     		.align	2
 159              	.L12:
 160 0020 00000000 		.word	trigger_isr_Handler
 161              		.cfi_endproc
 162              	.LFE64:
 163              		.size	main, .-main
 164              		.comm	Rx,1,1
 165              		.text
 166              	.Letext0:
 167              		.file 2 "c:\\program files (x86)\\cypress\\psoc creator\\4.2\\psoc creator\\import\\gnu\\arm\\5.4.
 168              		.file 3 "c:\\program files (x86)\\cypress\\psoc creator\\4.2\\psoc creator\\import\\gnu\\arm\\5.4.
 169              		.file 4 "Generated_Source\\PSoC5/cytypes.h"
 170              		.file 5 "Generated_Source\\PSoC5/UART_1.h"
 171              		.file 6 "Generated_Source\\PSoC5/Pin_1.h"
 172              		.file 7 "Generated_Source\\PSoC5/Pin_red.h"
 173              		.file 8 "Generated_Source\\PSoC5/isr_rx.h"
ARM GAS  C:\Users\nicho\AppData\Local\Temp\cc55asxU.s 			page 5


 174              		.file 9 "Generated_Source\\PSoC5/CyLib.h"
 175              		.file 10 "Generated_Source\\PSoC5/core_cm3.h"
 176              		.section	.debug_info,"",%progbits
 177              	.Ldebug_info0:
 178 0000 7F020000 		.4byte	0x27f
 179 0004 0400     		.2byte	0x4
 180 0006 00000000 		.4byte	.Ldebug_abbrev0
 181 000a 04       		.byte	0x4
 182 000b 01       		.uleb128 0x1
 183 000c 69000000 		.4byte	.LASF29
 184 0010 0C       		.byte	0xc
 185 0011 FF010000 		.4byte	.LASF30
 186 0015 3D010000 		.4byte	.LASF31
 187 0019 00000000 		.4byte	.Ldebug_ranges0+0
 188 001d 00000000 		.4byte	0
 189 0021 00000000 		.4byte	.Ldebug_line0
 190 0025 02       		.uleb128 0x2
 191 0026 01       		.byte	0x1
 192 0027 06       		.byte	0x6
 193 0028 2A020000 		.4byte	.LASF0
 194 002c 02       		.uleb128 0x2
 195 002d 01       		.byte	0x1
 196 002e 08       		.byte	0x8
 197 002f 5B000000 		.4byte	.LASF1
 198 0033 02       		.uleb128 0x2
 199 0034 02       		.byte	0x2
 200 0035 05       		.byte	0x5
 201 0036 0B020000 		.4byte	.LASF2
 202 003a 02       		.uleb128 0x2
 203 003b 02       		.byte	0x2
 204 003c 07       		.byte	0x7
 205 003d 09010000 		.4byte	.LASF3
 206 0041 03       		.uleb128 0x3
 207 0042 1C000000 		.4byte	.LASF9
 208 0046 02       		.byte	0x2
 209 0047 3F       		.byte	0x3f
 210 0048 4C000000 		.4byte	0x4c
 211 004c 02       		.uleb128 0x2
 212 004d 04       		.byte	0x4
 213 004e 05       		.byte	0x5
 214 004f 15020000 		.4byte	.LASF4
 215 0053 02       		.uleb128 0x2
 216 0054 04       		.byte	0x4
 217 0055 07       		.byte	0x7
 218 0056 F7000000 		.4byte	.LASF5
 219 005a 02       		.uleb128 0x2
 220 005b 08       		.byte	0x8
 221 005c 05       		.byte	0x5
 222 005d F1010000 		.4byte	.LASF6
 223 0061 02       		.uleb128 0x2
 224 0062 08       		.byte	0x8
 225 0063 07       		.byte	0x7
 226 0064 BE010000 		.4byte	.LASF7
 227 0068 04       		.uleb128 0x4
 228 0069 04       		.byte	0x4
 229 006a 05       		.byte	0x5
 230 006b 696E7400 		.ascii	"int\000"
ARM GAS  C:\Users\nicho\AppData\Local\Temp\cc55asxU.s 			page 6


 231 006f 02       		.uleb128 0x2
 232 0070 04       		.byte	0x4
 233 0071 07       		.byte	0x7
 234 0072 B1010000 		.4byte	.LASF8
 235 0076 03       		.uleb128 0x3
 236 0077 D5010000 		.4byte	.LASF10
 237 007b 03       		.byte	0x3
 238 007c 2C       		.byte	0x2c
 239 007d 41000000 		.4byte	0x41
 240 0081 05       		.uleb128 0x5
 241 0082 55000000 		.4byte	.LASF11
 242 0086 04       		.byte	0x4
 243 0087 E401     		.2byte	0x1e4
 244 0089 2C000000 		.4byte	0x2c
 245 008d 02       		.uleb128 0x2
 246 008e 04       		.byte	0x4
 247 008f 04       		.byte	0x4
 248 0090 4F000000 		.4byte	.LASF12
 249 0094 02       		.uleb128 0x2
 250 0095 08       		.byte	0x8
 251 0096 04       		.byte	0x4
 252 0097 36010000 		.4byte	.LASF13
 253 009b 02       		.uleb128 0x2
 254 009c 01       		.byte	0x1
 255 009d 08       		.byte	0x8
 256 009e 06020000 		.4byte	.LASF14
 257 00a2 02       		.uleb128 0x2
 258 00a3 08       		.byte	0x8
 259 00a4 04       		.byte	0x4
 260 00a5 1E020000 		.4byte	.LASF15
 261 00a9 02       		.uleb128 0x2
 262 00aa 04       		.byte	0x4
 263 00ab 07       		.byte	0x7
 264 00ac DD010000 		.4byte	.LASF16
 265 00b0 06       		.uleb128 0x6
 266 00b1 26000000 		.4byte	.LASF32
 267 00b5 01       		.byte	0x1
 268 00b6 10       		.byte	0x10
 269 00b7 00000000 		.4byte	.LFB63
 270 00bb 70000000 		.4byte	.LFE63-.LFB63
 271 00bf 01       		.uleb128 0x1
 272 00c0 9C       		.byte	0x9c
 273 00c1 75010000 		.4byte	0x175
 274 00c5 07       		.uleb128 0x7
 275 00c6 06000000 		.4byte	.LVL0
 276 00ca 09020000 		.4byte	0x209
 277 00ce 07       		.uleb128 0x7
 278 00cf 12000000 		.4byte	.LVL1
 279 00d3 14020000 		.4byte	0x214
 280 00d7 07       		.uleb128 0x7
 281 00d8 16000000 		.4byte	.LVL2
 282 00dc 1F020000 		.4byte	0x21f
 283 00e0 07       		.uleb128 0x7
 284 00e1 1E000000 		.4byte	.LVL3
 285 00e5 2A020000 		.4byte	0x22a
 286 00e9 07       		.uleb128 0x7
 287 00ea 28000000 		.4byte	.LVL4
ARM GAS  C:\Users\nicho\AppData\Local\Temp\cc55asxU.s 			page 7


 288 00ee 14020000 		.4byte	0x214
 289 00f2 07       		.uleb128 0x7
 290 00f3 2C000000 		.4byte	.LVL5
 291 00f7 35020000 		.4byte	0x235
 292 00fb 07       		.uleb128 0x7
 293 00fc 34000000 		.4byte	.LVL6
 294 0100 40020000 		.4byte	0x240
 295 0104 07       		.uleb128 0x7
 296 0105 3E000000 		.4byte	.LVL7
 297 0109 14020000 		.4byte	0x214
 298 010d 08       		.uleb128 0x8
 299 010e 44000000 		.4byte	.LVL8
 300 0112 2A020000 		.4byte	0x22a
 301 0116 20010000 		.4byte	0x120
 302 011a 09       		.uleb128 0x9
 303 011b 01       		.uleb128 0x1
 304 011c 50       		.byte	0x50
 305 011d 01       		.uleb128 0x1
 306 011e 30       		.byte	0x30
 307 011f 00       		.byte	0
 308 0120 08       		.uleb128 0x8
 309 0121 4A000000 		.4byte	.LVL9
 310 0125 40020000 		.4byte	0x240
 311 0129 33010000 		.4byte	0x133
 312 012d 09       		.uleb128 0x9
 313 012e 01       		.uleb128 0x1
 314 012f 50       		.byte	0x50
 315 0130 01       		.uleb128 0x1
 316 0131 30       		.byte	0x30
 317 0132 00       		.byte	0
 318 0133 07       		.uleb128 0x7
 319 0134 54000000 		.4byte	.LVL10
 320 0138 14020000 		.4byte	0x214
 321 013c 08       		.uleb128 0x8
 322 013d 5A000000 		.4byte	.LVL11
 323 0141 2A020000 		.4byte	0x22a
 324 0145 4F010000 		.4byte	0x14f
 325 0149 09       		.uleb128 0x9
 326 014a 01       		.uleb128 0x1
 327 014b 50       		.byte	0x50
 328 014c 01       		.uleb128 0x1
 329 014d 31       		.byte	0x31
 330 014e 00       		.byte	0
 331 014f 08       		.uleb128 0x8
 332 0150 60000000 		.4byte	.LVL12
 333 0154 40020000 		.4byte	0x240
 334 0158 62010000 		.4byte	0x162
 335 015c 09       		.uleb128 0x9
 336 015d 01       		.uleb128 0x1
 337 015e 50       		.byte	0x50
 338 015f 01       		.uleb128 0x1
 339 0160 31       		.byte	0x31
 340 0161 00       		.byte	0
 341 0162 07       		.uleb128 0x7
 342 0163 64000000 		.4byte	.LVL13
 343 0167 4B020000 		.4byte	0x24b
 344 016b 07       		.uleb128 0x7
ARM GAS  C:\Users\nicho\AppData\Local\Temp\cc55asxU.s 			page 8


 345 016c 68000000 		.4byte	.LVL14
 346 0170 56020000 		.4byte	0x256
 347 0174 00       		.byte	0
 348 0175 0A       		.uleb128 0xa
 349 0176 9D010000 		.4byte	.LASF33
 350 017a 01       		.byte	0x1
 351 017b 2A       		.byte	0x2a
 352 017c 68000000 		.4byte	0x68
 353 0180 00000000 		.4byte	.LFB64
 354 0184 24000000 		.4byte	.LFE64-.LFB64
 355 0188 01       		.uleb128 0x1
 356 0189 9C       		.byte	0x9c
 357 018a E8010000 		.4byte	0x1e8
 358 018e 0B       		.uleb128 0xb
 359 018f 636800   		.ascii	"ch\000"
 360 0192 01       		.byte	0x1
 361 0193 2F       		.byte	0x2f
 362 0194 81000000 		.4byte	0x81
 363 0198 0B       		.uleb128 0xb
 364 0199 527800   		.ascii	"Rx\000"
 365 019c 01       		.byte	0x1
 366 019d 31       		.byte	0x31
 367 019e 9B000000 		.4byte	0x9b
 368 01a2 07       		.uleb128 0x7
 369 01a3 08000000 		.4byte	.LVL15
 370 01a7 61020000 		.4byte	0x261
 371 01ab 08       		.uleb128 0x8
 372 01ac 0E000000 		.4byte	.LVL16
 373 01b0 6C020000 		.4byte	0x26c
 374 01b4 C2010000 		.4byte	0x1c2
 375 01b8 09       		.uleb128 0x9
 376 01b9 01       		.uleb128 0x1
 377 01ba 50       		.byte	0x50
 378 01bb 05       		.uleb128 0x5
 379 01bc 03       		.byte	0x3
 380 01bd 00000000 		.4byte	trigger_isr_Handler
 381 01c1 00       		.byte	0
 382 01c2 08       		.uleb128 0x8
 383 01c3 16000000 		.4byte	.LVL17
 384 01c7 77020000 		.4byte	0x277
 385 01cb D7010000 		.4byte	0x1d7
 386 01cf 09       		.uleb128 0x9
 387 01d0 01       		.uleb128 0x1
 388 01d1 50       		.byte	0x50
 389 01d2 03       		.uleb128 0x3
 390 01d3 0A       		.byte	0xa
 391 01d4 1027     		.2byte	0x2710
 392 01d6 00       		.byte	0
 393 01d7 0C       		.uleb128 0xc
 394 01d8 1C000000 		.4byte	.LVL18
 395 01dc 14020000 		.4byte	0x214
 396 01e0 09       		.uleb128 0x9
 397 01e1 01       		.uleb128 0x1
 398 01e2 50       		.byte	0x50
 399 01e3 02       		.uleb128 0x2
 400 01e4 08       		.byte	0x8
 401 01e5 44       		.byte	0x44
ARM GAS  C:\Users\nicho\AppData\Local\Temp\cc55asxU.s 			page 9


 402 01e6 00       		.byte	0
 403 01e7 00       		.byte	0
 404 01e8 0D       		.uleb128 0xd
 405 01e9 29010000 		.4byte	.LASF17
 406 01ed 0A       		.byte	0xa
 407 01ee 1207     		.2byte	0x712
 408 01f0 F4010000 		.4byte	0x1f4
 409 01f4 0E       		.uleb128 0xe
 410 01f5 76000000 		.4byte	0x76
 411 01f9 0F       		.uleb128 0xf
 412 01fa 527800   		.ascii	"Rx\000"
 413 01fd 01       		.byte	0x1
 414 01fe 0E       		.byte	0xe
 415 01ff 9B000000 		.4byte	0x9b
 416 0203 05       		.uleb128 0x5
 417 0204 03       		.byte	0x3
 418 0205 00000000 		.4byte	Rx
 419 0209 10       		.uleb128 0x10
 420 020a 58020000 		.4byte	.LASF18
 421 020e 58020000 		.4byte	.LASF18
 422 0212 05       		.byte	0x5
 423 0213 71       		.byte	0x71
 424 0214 10       		.uleb128 0x10
 425 0215 A2010000 		.4byte	.LASF19
 426 0219 A2010000 		.4byte	.LASF19
 427 021d 05       		.byte	0x5
 428 021e 8A       		.byte	0x8a
 429 021f 10       		.uleb128 0x10
 430 0220 E6010000 		.4byte	.LASF20
 431 0224 E6010000 		.4byte	.LASF20
 432 0228 06       		.byte	0x6
 433 0229 29       		.byte	0x29
 434 022a 10       		.uleb128 0x10
 435 022b 36020000 		.4byte	.LASF21
 436 022f 36020000 		.4byte	.LASF21
 437 0233 06       		.byte	0x6
 438 0234 26       		.byte	0x26
 439 0235 10       		.uleb128 0x10
 440 0236 1C010000 		.4byte	.LASF22
 441 023a 1C010000 		.4byte	.LASF22
 442 023e 07       		.byte	0x7
 443 023f 29       		.byte	0x29
 444 0240 10       		.uleb128 0x10
 445 0241 42020000 		.4byte	.LASF23
 446 0245 42020000 		.4byte	.LASF23
 447 0249 07       		.byte	0x7
 448 024a 26       		.byte	0x26
 449 024b 10       		.uleb128 0x10
 450 024c 3A000000 		.4byte	.LASF24
 451 0250 3A000000 		.4byte	.LASF24
 452 0254 05       		.byte	0x5
 453 0255 75       		.byte	0x75
 454 0256 10       		.uleb128 0x10
 455 0257 67020000 		.4byte	.LASF25
 456 025b 67020000 		.4byte	.LASF25
 457 025f 08       		.byte	0x8
 458 0260 28       		.byte	0x28
ARM GAS  C:\Users\nicho\AppData\Local\Temp\cc55asxU.s 			page 10


 459 0261 10       		.uleb128 0x10
 460 0262 0F000000 		.4byte	.LASF26
 461 0266 0F000000 		.4byte	.LASF26
 462 026a 05       		.byte	0x5
 463 026b 54       		.byte	0x54
 464 026c 10       		.uleb128 0x10
 465 026d 00000000 		.4byte	.LASF27
 466 0271 00000000 		.4byte	.LASF27
 467 0275 08       		.byte	0x8
 468 0276 18       		.byte	0x18
 469 0277 10       		.uleb128 0x10
 470 0278 50020000 		.4byte	.LASF28
 471 027c 50020000 		.4byte	.LASF28
 472 0280 09       		.byte	0x9
 473 0281 76       		.byte	0x76
 474 0282 00       		.byte	0
 475              		.section	.debug_abbrev,"",%progbits
 476              	.Ldebug_abbrev0:
 477 0000 01       		.uleb128 0x1
 478 0001 11       		.uleb128 0x11
 479 0002 01       		.byte	0x1
 480 0003 25       		.uleb128 0x25
 481 0004 0E       		.uleb128 0xe
 482 0005 13       		.uleb128 0x13
 483 0006 0B       		.uleb128 0xb
 484 0007 03       		.uleb128 0x3
 485 0008 0E       		.uleb128 0xe
 486 0009 1B       		.uleb128 0x1b
 487 000a 0E       		.uleb128 0xe
 488 000b 55       		.uleb128 0x55
 489 000c 17       		.uleb128 0x17
 490 000d 11       		.uleb128 0x11
 491 000e 01       		.uleb128 0x1
 492 000f 10       		.uleb128 0x10
 493 0010 17       		.uleb128 0x17
 494 0011 00       		.byte	0
 495 0012 00       		.byte	0
 496 0013 02       		.uleb128 0x2
 497 0014 24       		.uleb128 0x24
 498 0015 00       		.byte	0
 499 0016 0B       		.uleb128 0xb
 500 0017 0B       		.uleb128 0xb
 501 0018 3E       		.uleb128 0x3e
 502 0019 0B       		.uleb128 0xb
 503 001a 03       		.uleb128 0x3
 504 001b 0E       		.uleb128 0xe
 505 001c 00       		.byte	0
 506 001d 00       		.byte	0
 507 001e 03       		.uleb128 0x3
 508 001f 16       		.uleb128 0x16
 509 0020 00       		.byte	0
 510 0021 03       		.uleb128 0x3
 511 0022 0E       		.uleb128 0xe
 512 0023 3A       		.uleb128 0x3a
 513 0024 0B       		.uleb128 0xb
 514 0025 3B       		.uleb128 0x3b
 515 0026 0B       		.uleb128 0xb
ARM GAS  C:\Users\nicho\AppData\Local\Temp\cc55asxU.s 			page 11


 516 0027 49       		.uleb128 0x49
 517 0028 13       		.uleb128 0x13
 518 0029 00       		.byte	0
 519 002a 00       		.byte	0
 520 002b 04       		.uleb128 0x4
 521 002c 24       		.uleb128 0x24
 522 002d 00       		.byte	0
 523 002e 0B       		.uleb128 0xb
 524 002f 0B       		.uleb128 0xb
 525 0030 3E       		.uleb128 0x3e
 526 0031 0B       		.uleb128 0xb
 527 0032 03       		.uleb128 0x3
 528 0033 08       		.uleb128 0x8
 529 0034 00       		.byte	0
 530 0035 00       		.byte	0
 531 0036 05       		.uleb128 0x5
 532 0037 16       		.uleb128 0x16
 533 0038 00       		.byte	0
 534 0039 03       		.uleb128 0x3
 535 003a 0E       		.uleb128 0xe
 536 003b 3A       		.uleb128 0x3a
 537 003c 0B       		.uleb128 0xb
 538 003d 3B       		.uleb128 0x3b
 539 003e 05       		.uleb128 0x5
 540 003f 49       		.uleb128 0x49
 541 0040 13       		.uleb128 0x13
 542 0041 00       		.byte	0
 543 0042 00       		.byte	0
 544 0043 06       		.uleb128 0x6
 545 0044 2E       		.uleb128 0x2e
 546 0045 01       		.byte	0x1
 547 0046 3F       		.uleb128 0x3f
 548 0047 19       		.uleb128 0x19
 549 0048 03       		.uleb128 0x3
 550 0049 0E       		.uleb128 0xe
 551 004a 3A       		.uleb128 0x3a
 552 004b 0B       		.uleb128 0xb
 553 004c 3B       		.uleb128 0x3b
 554 004d 0B       		.uleb128 0xb
 555 004e 27       		.uleb128 0x27
 556 004f 19       		.uleb128 0x19
 557 0050 11       		.uleb128 0x11
 558 0051 01       		.uleb128 0x1
 559 0052 12       		.uleb128 0x12
 560 0053 06       		.uleb128 0x6
 561 0054 40       		.uleb128 0x40
 562 0055 18       		.uleb128 0x18
 563 0056 9742     		.uleb128 0x2117
 564 0058 19       		.uleb128 0x19
 565 0059 01       		.uleb128 0x1
 566 005a 13       		.uleb128 0x13
 567 005b 00       		.byte	0
 568 005c 00       		.byte	0
 569 005d 07       		.uleb128 0x7
 570 005e 898201   		.uleb128 0x4109
 571 0061 00       		.byte	0
 572 0062 11       		.uleb128 0x11
ARM GAS  C:\Users\nicho\AppData\Local\Temp\cc55asxU.s 			page 12


 573 0063 01       		.uleb128 0x1
 574 0064 31       		.uleb128 0x31
 575 0065 13       		.uleb128 0x13
 576 0066 00       		.byte	0
 577 0067 00       		.byte	0
 578 0068 08       		.uleb128 0x8
 579 0069 898201   		.uleb128 0x4109
 580 006c 01       		.byte	0x1
 581 006d 11       		.uleb128 0x11
 582 006e 01       		.uleb128 0x1
 583 006f 31       		.uleb128 0x31
 584 0070 13       		.uleb128 0x13
 585 0071 01       		.uleb128 0x1
 586 0072 13       		.uleb128 0x13
 587 0073 00       		.byte	0
 588 0074 00       		.byte	0
 589 0075 09       		.uleb128 0x9
 590 0076 8A8201   		.uleb128 0x410a
 591 0079 00       		.byte	0
 592 007a 02       		.uleb128 0x2
 593 007b 18       		.uleb128 0x18
 594 007c 9142     		.uleb128 0x2111
 595 007e 18       		.uleb128 0x18
 596 007f 00       		.byte	0
 597 0080 00       		.byte	0
 598 0081 0A       		.uleb128 0xa
 599 0082 2E       		.uleb128 0x2e
 600 0083 01       		.byte	0x1
 601 0084 3F       		.uleb128 0x3f
 602 0085 19       		.uleb128 0x19
 603 0086 03       		.uleb128 0x3
 604 0087 0E       		.uleb128 0xe
 605 0088 3A       		.uleb128 0x3a
 606 0089 0B       		.uleb128 0xb
 607 008a 3B       		.uleb128 0x3b
 608 008b 0B       		.uleb128 0xb
 609 008c 27       		.uleb128 0x27
 610 008d 19       		.uleb128 0x19
 611 008e 49       		.uleb128 0x49
 612 008f 13       		.uleb128 0x13
 613 0090 8701     		.uleb128 0x87
 614 0092 19       		.uleb128 0x19
 615 0093 11       		.uleb128 0x11
 616 0094 01       		.uleb128 0x1
 617 0095 12       		.uleb128 0x12
 618 0096 06       		.uleb128 0x6
 619 0097 40       		.uleb128 0x40
 620 0098 18       		.uleb128 0x18
 621 0099 9742     		.uleb128 0x2117
 622 009b 19       		.uleb128 0x19
 623 009c 01       		.uleb128 0x1
 624 009d 13       		.uleb128 0x13
 625 009e 00       		.byte	0
 626 009f 00       		.byte	0
 627 00a0 0B       		.uleb128 0xb
 628 00a1 34       		.uleb128 0x34
 629 00a2 00       		.byte	0
ARM GAS  C:\Users\nicho\AppData\Local\Temp\cc55asxU.s 			page 13


 630 00a3 03       		.uleb128 0x3
 631 00a4 08       		.uleb128 0x8
 632 00a5 3A       		.uleb128 0x3a
 633 00a6 0B       		.uleb128 0xb
 634 00a7 3B       		.uleb128 0x3b
 635 00a8 0B       		.uleb128 0xb
 636 00a9 49       		.uleb128 0x49
 637 00aa 13       		.uleb128 0x13
 638 00ab 00       		.byte	0
 639 00ac 00       		.byte	0
 640 00ad 0C       		.uleb128 0xc
 641 00ae 898201   		.uleb128 0x4109
 642 00b1 01       		.byte	0x1
 643 00b2 11       		.uleb128 0x11
 644 00b3 01       		.uleb128 0x1
 645 00b4 31       		.uleb128 0x31
 646 00b5 13       		.uleb128 0x13
 647 00b6 00       		.byte	0
 648 00b7 00       		.byte	0
 649 00b8 0D       		.uleb128 0xd
 650 00b9 34       		.uleb128 0x34
 651 00ba 00       		.byte	0
 652 00bb 03       		.uleb128 0x3
 653 00bc 0E       		.uleb128 0xe
 654 00bd 3A       		.uleb128 0x3a
 655 00be 0B       		.uleb128 0xb
 656 00bf 3B       		.uleb128 0x3b
 657 00c0 05       		.uleb128 0x5
 658 00c1 49       		.uleb128 0x49
 659 00c2 13       		.uleb128 0x13
 660 00c3 3F       		.uleb128 0x3f
 661 00c4 19       		.uleb128 0x19
 662 00c5 3C       		.uleb128 0x3c
 663 00c6 19       		.uleb128 0x19
 664 00c7 00       		.byte	0
 665 00c8 00       		.byte	0
 666 00c9 0E       		.uleb128 0xe
 667 00ca 35       		.uleb128 0x35
 668 00cb 00       		.byte	0
 669 00cc 49       		.uleb128 0x49
 670 00cd 13       		.uleb128 0x13
 671 00ce 00       		.byte	0
 672 00cf 00       		.byte	0
 673 00d0 0F       		.uleb128 0xf
 674 00d1 34       		.uleb128 0x34
 675 00d2 00       		.byte	0
 676 00d3 03       		.uleb128 0x3
 677 00d4 08       		.uleb128 0x8
 678 00d5 3A       		.uleb128 0x3a
 679 00d6 0B       		.uleb128 0xb
 680 00d7 3B       		.uleb128 0x3b
 681 00d8 0B       		.uleb128 0xb
 682 00d9 49       		.uleb128 0x49
 683 00da 13       		.uleb128 0x13
 684 00db 3F       		.uleb128 0x3f
 685 00dc 19       		.uleb128 0x19
 686 00dd 02       		.uleb128 0x2
ARM GAS  C:\Users\nicho\AppData\Local\Temp\cc55asxU.s 			page 14


 687 00de 18       		.uleb128 0x18
 688 00df 00       		.byte	0
 689 00e0 00       		.byte	0
 690 00e1 10       		.uleb128 0x10
 691 00e2 2E       		.uleb128 0x2e
 692 00e3 00       		.byte	0
 693 00e4 3F       		.uleb128 0x3f
 694 00e5 19       		.uleb128 0x19
 695 00e6 3C       		.uleb128 0x3c
 696 00e7 19       		.uleb128 0x19
 697 00e8 6E       		.uleb128 0x6e
 698 00e9 0E       		.uleb128 0xe
 699 00ea 03       		.uleb128 0x3
 700 00eb 0E       		.uleb128 0xe
 701 00ec 3A       		.uleb128 0x3a
 702 00ed 0B       		.uleb128 0xb
 703 00ee 3B       		.uleb128 0x3b
 704 00ef 0B       		.uleb128 0xb
 705 00f0 00       		.byte	0
 706 00f1 00       		.byte	0
 707 00f2 00       		.byte	0
 708              		.section	.debug_aranges,"",%progbits
 709 0000 24000000 		.4byte	0x24
 710 0004 0200     		.2byte	0x2
 711 0006 00000000 		.4byte	.Ldebug_info0
 712 000a 04       		.byte	0x4
 713 000b 00       		.byte	0
 714 000c 0000     		.2byte	0
 715 000e 0000     		.2byte	0
 716 0010 00000000 		.4byte	.LFB63
 717 0014 70000000 		.4byte	.LFE63-.LFB63
 718 0018 00000000 		.4byte	.LFB64
 719 001c 24000000 		.4byte	.LFE64-.LFB64
 720 0020 00000000 		.4byte	0
 721 0024 00000000 		.4byte	0
 722              		.section	.debug_ranges,"",%progbits
 723              	.Ldebug_ranges0:
 724 0000 00000000 		.4byte	.LFB63
 725 0004 70000000 		.4byte	.LFE63
 726 0008 00000000 		.4byte	.LFB64
 727 000c 24000000 		.4byte	.LFE64
 728 0010 00000000 		.4byte	0
 729 0014 00000000 		.4byte	0
 730              		.section	.debug_line,"",%progbits
 731              	.Ldebug_line0:
 732 0000 C9010000 		.section	.debug_str,"MS",%progbits,1
 732      02008701 
 732      00000201 
 732      FB0E0D00 
 732      01010101 
 733              	.LASF27:
 734 0000 6973725F 		.ascii	"isr_rx_StartEx\000"
 734      72785F53 
 734      74617274 
 734      457800
 735              	.LASF26:
 736 000f 55415254 		.ascii	"UART_1_Start\000"
ARM GAS  C:\Users\nicho\AppData\Local\Temp\cc55asxU.s 			page 15


 736      5F315F53 
 736      74617274 
 736      00
 737              	.LASF9:
 738 001c 5F5F696E 		.ascii	"__int32_t\000"
 738      7433325F 
 738      7400
 739              	.LASF32:
 740 0026 74726967 		.ascii	"trigger_isr_Handler\000"
 740      6765725F 
 740      6973725F 
 740      48616E64 
 740      6C657200 
 741              	.LASF24:
 742 003a 55415254 		.ascii	"UART_1_ClearRxBuffer\000"
 742      5F315F43 
 742      6C656172 
 742      52784275 
 742      66666572 
 743              	.LASF12:
 744 004f 666C6F61 		.ascii	"float\000"
 744      7400
 745              	.LASF11:
 746 0055 75696E74 		.ascii	"uint8\000"
 746      3800
 747              	.LASF1:
 748 005b 756E7369 		.ascii	"unsigned char\000"
 748      676E6564 
 748      20636861 
 748      7200
 749              	.LASF29:
 750 0069 474E5520 		.ascii	"GNU C11 5.4.1 20160609 (release) [ARM/embedded-5-br"
 750      43313120 
 750      352E342E 
 750      31203230 
 750      31363036 
 751 009c 616E6368 		.ascii	"anch revision 237715] -mcpu=cortex-m3 -mthumb -g -O"
 751      20726576 
 751      6973696F 
 751      6E203233 
 751      37373135 
 752 00cf 67202D66 		.ascii	"g -ffunction-sections -ffat-lto-objects\000"
 752      66756E63 
 752      74696F6E 
 752      2D736563 
 752      74696F6E 
 753              	.LASF5:
 754 00f7 6C6F6E67 		.ascii	"long unsigned int\000"
 754      20756E73 
 754      69676E65 
 754      6420696E 
 754      7400
 755              	.LASF3:
 756 0109 73686F72 		.ascii	"short unsigned int\000"
 756      7420756E 
 756      7369676E 
 756      65642069 
ARM GAS  C:\Users\nicho\AppData\Local\Temp\cc55asxU.s 			page 16


 756      6E7400
 757              	.LASF22:
 758 011c 50696E5F 		.ascii	"Pin_red_Read\000"
 758      7265645F 
 758      52656164 
 758      00
 759              	.LASF17:
 760 0129 49544D5F 		.ascii	"ITM_RxBuffer\000"
 760      52784275 
 760      66666572 
 760      00
 761              	.LASF13:
 762 0136 646F7562 		.ascii	"double\000"
 762      6C6500
 763              	.LASF31:
 764 013d 433A5C55 		.ascii	"C:\\Users\\nicho\\Desktop\\school\\research assista"
 764      73657273 
 764      5C6E6963 
 764      686F5C44 
 764      65736B74 
 765 016b 6E745C62 		.ascii	"nt\\bluetooth project\\bluetooth isr\\Design01.cyds"
 765      6C756574 
 765      6F6F7468 
 765      2070726F 
 765      6A656374 
 766 019b 6E00     		.ascii	"n\000"
 767              	.LASF33:
 768 019d 6D61696E 		.ascii	"main\000"
 768      00
 769              	.LASF19:
 770 01a2 55415254 		.ascii	"UART_1_PutChar\000"
 770      5F315F50 
 770      75744368 
 770      617200
 771              	.LASF8:
 772 01b1 756E7369 		.ascii	"unsigned int\000"
 772      676E6564 
 772      20696E74 
 772      00
 773              	.LASF7:
 774 01be 6C6F6E67 		.ascii	"long long unsigned int\000"
 774      206C6F6E 
 774      6720756E 
 774      7369676E 
 774      65642069 
 775              	.LASF10:
 776 01d5 696E7433 		.ascii	"int32_t\000"
 776      325F7400 
 777              	.LASF16:
 778 01dd 73697A65 		.ascii	"sizetype\000"
 778      74797065 
 778      00
 779              	.LASF20:
 780 01e6 50696E5F 		.ascii	"Pin_1_Read\000"
 780      315F5265 
 780      616400
 781              	.LASF6:
ARM GAS  C:\Users\nicho\AppData\Local\Temp\cc55asxU.s 			page 17


 782 01f1 6C6F6E67 		.ascii	"long long int\000"
 782      206C6F6E 
 782      6720696E 
 782      7400
 783              	.LASF30:
 784 01ff 6D61696E 		.ascii	"main.c\000"
 784      2E6300
 785              	.LASF14:
 786 0206 63686172 		.ascii	"char\000"
 786      00
 787              	.LASF2:
 788 020b 73686F72 		.ascii	"short int\000"
 788      7420696E 
 788      7400
 789              	.LASF4:
 790 0215 6C6F6E67 		.ascii	"long int\000"
 790      20696E74 
 790      00
 791              	.LASF15:
 792 021e 6C6F6E67 		.ascii	"long double\000"
 792      20646F75 
 792      626C6500 
 793              	.LASF0:
 794 022a 7369676E 		.ascii	"signed char\000"
 794      65642063 
 794      68617200 
 795              	.LASF21:
 796 0236 50696E5F 		.ascii	"Pin_1_Write\000"
 796      315F5772 
 796      69746500 
 797              	.LASF23:
 798 0242 50696E5F 		.ascii	"Pin_red_Write\000"
 798      7265645F 
 798      57726974 
 798      6500
 799              	.LASF28:
 800 0250 43794465 		.ascii	"CyDelay\000"
 800      6C617900 
 801              	.LASF18:
 802 0258 55415254 		.ascii	"UART_1_GetChar\000"
 802      5F315F47 
 802      65744368 
 802      617200
 803              	.LASF25:
 804 0267 6973725F 		.ascii	"isr_rx_ClearPending\000"
 804      72785F43 
 804      6C656172 
 804      50656E64 
 804      696E6700 
 805              		.ident	"GCC: (GNU Tools for ARM Embedded Processors) 5.4.1 20160609 (release) [ARM/embedded-5-bran
